Traceback (most recent call last):
  File "C:\Users\arajen\Anaconda3\envs\blog\lib\site-packages\jupyter_cache\executors\utils.py", line 56, in single_nb_execution
    record_timing=False,
  File "C:\Users\arajen\Anaconda3\envs\blog\lib\site-packages\nbclient\client.py", line 1085, in execute
    return NotebookClient(nb=nb, resources=resources, km=km, **kwargs).execute()
  File "C:\Users\arajen\Anaconda3\envs\blog\lib\site-packages\nbclient\util.py", line 84, in wrapped
    return just_run(coro(*args, **kwargs))
  File "C:\Users\arajen\Anaconda3\envs\blog\lib\site-packages\nbclient\util.py", line 62, in just_run
    return loop.run_until_complete(coro)
  File "C:\Users\arajen\Anaconda3\envs\blog\lib\asyncio\base_events.py", line 587, in run_until_complete
    return future.result()
  File "C:\Users\arajen\Anaconda3\envs\blog\lib\site-packages\nbclient\client.py", line 552, in async_execute
    cell, index, execution_count=self.code_cells_executed + 1
  File "C:\Users\arajen\Anaconda3\envs\blog\lib\site-packages\nbclient\client.py", line 846, in async_execute_cell
    self._check_raise_for_error(cell, exec_reply)
  File "C:\Users\arajen\Anaconda3\envs\blog\lib\site-packages\nbclient\client.py", line 748, in _check_raise_for_error
    raise CellExecutionError.from_cell_and_msg(cell, exec_reply_content)
nbclient.exceptions.CellExecutionError: An error occurred while executing the following cell:
------------------
import pandas as pd
import folium
from folium import plugins

solar_stations_link = 'https://raw.githubusercontent.com/AssessingSolar/radiationstations/main/solarstations.csv'

df = pd.read_csv(solar_stations_link, sep=';', encoding='latin1')

EsriImagery = "https://server.arcgisonline.com/ArcGIS/rest/services/World_Imagery/MapServer/tile/{z}/{y}/{x}"
EsriAttribution = "Tiles &copy; Esri &mdash; Source: Esri, i-cubed, USDA, USGS, AEX, GeoEye, Getmapping, Aerogrid, IGN, IGP, UPR-EGP, and the GIS User Community"

# Create Folium map
m = folium.Map(
    location=[0, 15],
    zoom_start=1, min_zoom=1, max_bounds=True,
    control_scale=True,  # Adds distance scale in lower left corner
    tiles='openstreetmap',
)

# Create cluster
marker_cluster = plugins.MarkerCluster().add_to(m)

# Add each station to the map
# Consider using apply instead of for loop to add stations in case of many stations
for index, row in df.iterrows():
    folium.Marker(
        location=[row['Latitude'], row['Longitude']],
        popup=row['Station full name'] + ' - ' + str(row['State']) + ' ' + row['Country'],
        tooltip=row['Abbreviation'],
        icon=folium.Icon(color='blue', icon='bolt', prefix='fa')
    ).add_to(marker_cluster)

folium.raster_layers.TileLayer(EsriImagery, name='World imagery', attr=EsriAttribution).add_to(m)
folium.LayerControl(position='topleft').add_to(m)

# Additional options and plugins
# Note it's not possible to change the position of the scale
plugins.MiniMap(toggle_display=True, position='bottomright').add_to(m)  # Add minimap to the map
plugins.Fullscreen(position='topright').add_to(m)  # Add full screen button to map
folium.LatLngPopup().add_to(m)  # Show latitude/longitude when clicking on the map
# plugins.LocateControl(position='topright').add_to(m)  # Add button for your position
# plugins.MeasureControl(position='topleft').add_to(m)  # Add distance length measurement tool

# Show the map
m 
------------------

[1;31m---------------------------------------------------------------------------[0m
[1;31mParserError[0m                               Traceback (most recent call last)
[1;32m~\AppData\Local\Temp\ipykernel_4432\266117622.py[0m in [0;36m<module>[1;34m[0m
[0;32m      5[0m [0msolar_stations_link[0m [1;33m=[0m [1;34m'https://raw.githubusercontent.com/AssessingSolar/radiationstations/main/solarstations.csv'[0m[1;33m[0m[1;33m[0m[0m
[0;32m      6[0m [1;33m[0m[0m
[1;32m----> 7[1;33m [0mdf[0m [1;33m=[0m [0mpd[0m[1;33m.[0m[0mread_csv[0m[1;33m([0m[0msolar_stations_link[0m[1;33m,[0m [0msep[0m[1;33m=[0m[1;34m';'[0m[1;33m,[0m [0mencoding[0m[1;33m=[0m[1;34m'latin1'[0m[1;33m)[0m[1;33m[0m[1;33m[0m[0m
[0m[0;32m      8[0m [1;33m[0m[0m
[0;32m      9[0m [0mEsriImagery[0m [1;33m=[0m [1;34m"https://server.arcgisonline.com/ArcGIS/rest/services/World_Imagery/MapServer/tile/{z}/{y}/{x}"[0m[1;33m[0m[1;33m[0m[0m

[1;32m~\Anaconda3\envs\blog\lib\site-packages\pandas\util\_decorators.py[0m in [0;36mwrapper[1;34m(*args, **kwargs)[0m
[0;32m    309[0m                     [0mstacklevel[0m[1;33m=[0m[0mstacklevel[0m[1;33m,[0m[1;33m[0m[1;33m[0m[0m
[0;32m    310[0m                 )
[1;32m--> 311[1;33m             [1;32mreturn[0m [0mfunc[0m[1;33m([0m[1;33m*[0m[0margs[0m[1;33m,[0m [1;33m**[0m[0mkwargs[0m[1;33m)[0m[1;33m[0m[1;33m[0m[0m
[0m[0;32m    312[0m [1;33m[0m[0m
[0;32m    313[0m         [1;32mreturn[0m [0mwrapper[0m[1;33m[0m[1;33m[0m[0m

[1;32m~\Anaconda3\envs\blog\lib\site-packages\pandas\io\parsers\readers.py[0m in [0;36mread_csv[1;34m(filepath_or_buffer, sep, delimiter, header, names, index_col, usecols, squeeze, prefix, mangle_dupe_cols, dtype, engine, converters, true_values, false_values, skipinitialspace, skiprows, skipfooter, nrows, na_values, keep_default_na, na_filter, verbose, skip_blank_lines, parse_dates, infer_datetime_format, keep_date_col, date_parser, dayfirst, cache_dates, iterator, chunksize, compression, thousands, decimal, lineterminator, quotechar, quoting, doublequote, escapechar, comment, encoding, encoding_errors, dialect, error_bad_lines, warn_bad_lines, on_bad_lines, delim_whitespace, low_memory, memory_map, float_precision, storage_options)[0m
[0;32m    584[0m     [0mkwds[0m[1;33m.[0m[0mupdate[0m[1;33m([0m[0mkwds_defaults[0m[1;33m)[0m[1;33m[0m[1;33m[0m[0m
[0;32m    585[0m [1;33m[0m[0m
[1;32m--> 586[1;33m     [1;32mreturn[0m [0m_read[0m[1;33m([0m[0mfilepath_or_buffer[0m[1;33m,[0m [0mkwds[0m[1;33m)[0m[1;33m[0m[1;33m[0m[0m
[0m[0;32m    587[0m [1;33m[0m[0m
[0;32m    588[0m [1;33m[0m[0m

[1;32m~\Anaconda3\envs\blog\lib\site-packages\pandas\io\parsers\readers.py[0m in [0;36m_read[1;34m(filepath_or_buffer, kwds)[0m
[0;32m    486[0m [1;33m[0m[0m
[0;32m    487[0m     [1;32mwith[0m [0mparser[0m[1;33m:[0m[1;33m[0m[1;33m[0m[0m
[1;32m--> 488[1;33m         [1;32mreturn[0m [0mparser[0m[1;33m.[0m[0mread[0m[1;33m([0m[0mnrows[0m[1;33m)[0m[1;33m[0m[1;33m[0m[0m
[0m[0;32m    489[0m [1;33m[0m[0m
[0;32m    490[0m [1;33m[0m[0m

[1;32m~\Anaconda3\envs\blog\lib\site-packages\pandas\io\parsers\readers.py[0m in [0;36mread[1;34m(self, nrows)[0m
[0;32m   1045[0m     [1;32mdef[0m [0mread[0m[1;33m([0m[0mself[0m[1;33m,[0m [0mnrows[0m[1;33m=[0m[1;32mNone[0m[1;33m)[0m[1;33m:[0m[1;33m[0m[1;33m[0m[0m
[0;32m   1046[0m         [0mnrows[0m [1;33m=[0m [0mvalidate_integer[0m[1;33m([0m[1;34m"nrows"[0m[1;33m,[0m [0mnrows[0m[1;33m)[0m[1;33m[0m[1;33m[0m[0m
[1;32m-> 1047[1;33m         [0mindex[0m[1;33m,[0m [0mcolumns[0m[1;33m,[0m [0mcol_dict[0m [1;33m=[0m [0mself[0m[1;33m.[0m[0m_engine[0m[1;33m.[0m[0mread[0m[1;33m([0m[0mnrows[0m[1;33m)[0m[1;33m[0m[1;33m[0m[0m
[0m[0;32m   1048[0m [1;33m[0m[0m
[0;32m   1049[0m         [1;32mif[0m [0mindex[0m [1;32mis[0m [1;32mNone[0m[1;33m:[0m[1;33m[0m[1;33m[0m[0m

[1;32m~\Anaconda3\envs\blog\lib\site-packages\pandas\io\parsers\c_parser_wrapper.py[0m in [0;36mread[1;34m(self, nrows)[0m
[0;32m    222[0m         [1;32mtry[0m[1;33m:[0m[1;33m[0m[1;33m[0m[0m
[0;32m    223[0m             [1;32mif[0m [0mself[0m[1;33m.[0m[0mlow_memory[0m[1;33m:[0m[1;33m[0m[1;33m[0m[0m
[1;32m--> 224[1;33m                 [0mchunks[0m [1;33m=[0m [0mself[0m[1;33m.[0m[0m_reader[0m[1;33m.[0m[0mread_low_memory[0m[1;33m([0m[0mnrows[0m[1;33m)[0m[1;33m[0m[1;33m[0m[0m
[0m[0;32m    225[0m                 [1;31m# destructive to chunks[0m[1;33m[0m[1;33m[0m[1;33m[0m[0m
[0;32m    226[0m                 [0mdata[0m [1;33m=[0m [0m_concatenate_chunks[0m[1;33m([0m[0mchunks[0m[1;33m)[0m[1;33m[0m[1;33m[0m[0m

[1;32m~\Anaconda3\envs\blog\lib\site-packages\pandas\_libs\parsers.pyx[0m in [0;36mpandas._libs.parsers.TextReader.read_low_memory[1;34m()[0m

[1;32m~\Anaconda3\envs\blog\lib\site-packages\pandas\_libs\parsers.pyx[0m in [0;36mpandas._libs.parsers.TextReader._read_rows[1;34m()[0m

[1;32m~\Anaconda3\envs\blog\lib\site-packages\pandas\_libs\parsers.pyx[0m in [0;36mpandas._libs.parsers.TextReader._tokenize_rows[1;34m()[0m

[1;32m~\Anaconda3\envs\blog\lib\site-packages\pandas\_libs\parsers.pyx[0m in [0;36mpandas._libs.parsers.raise_parser_error[1;34m()[0m

[1;31mParserError[0m: Error tokenizing data. C error: Expected 3 fields in line 5, saw 4

ParserError: Error tokenizing data. C error: Expected 3 fields in line 5, saw 4


